<?xml version="1.0" encoding="UTF-8"?>
<robot generator="Robot 3.2.1 (Python 3.7.4 on win32)" generated="20200728 23:19:26.601" rpa="false">
<suite id="s1" name="Justeat" source="D:\Robot Framework\justeatapp\scripts\justeat.robot">
<test id="s1-t1" name="User can search for restaurants">
<kw name="Begin Web Test" library="Common" type="setup">
<doc>To open browser instance and meximize it.</doc>
<kw name="Open Browser" library="SeleniumLibrary">
<doc>Opens a new browser instance to the optional ``url``.</doc>
<arguments>
<arg>about:blank</arg>
<arg>chrome</arg>
</arguments>
<msg timestamp="20200728 23:19:27.007" level="INFO">Opening browser 'chrome' to base url 'about:blank'.</msg>
<kw name="Capture Page Screenshot" library="SeleniumLibrary">
<doc>Takes a screenshot of the current page and embeds it into a log file.</doc>
<msg timestamp="20200728 23:19:30.536" level="INFO">Cannot capture screenshot because no browser is open.</msg>
<status status="PASS" starttime="20200728 23:19:30.535" endtime="20200728 23:19:30.536"></status>
</kw>
<msg timestamp="20200728 23:19:30.580" level="FAIL">SessionNotCreatedException: Message: session not created: This version of ChromeDriver only supports Chrome version 85
</msg>
<status status="FAIL" starttime="20200728 23:19:27.007" endtime="20200728 23:19:30.580"></status>
</kw>
<status status="FAIL" starttime="20200728 23:19:27.006" endtime="20200728 23:19:30.581"></status>
</kw>
<kw name="End Web Test" library="Common" type="teardown">
<doc>This key word closes all the instances of the browser instance.</doc>
<kw name="Close Browser" library="SeleniumLibrary">
<doc>Closes the current browser.</doc>
<status status="PASS" starttime="20200728 23:19:30.582" endtime="20200728 23:19:30.583"></status>
</kw>
<status status="PASS" starttime="20200728 23:19:30.582" endtime="20200728 23:19:30.583"></status>
</kw>
<doc>User will be able to search restaurants in the area "AR51 1AA"</doc>
<tags>
<tag>Search</tag>
</tags>
<status status="FAIL" starttime="20200728 23:19:27.004" endtime="20200728 23:19:30.584" critical="yes">Setup failed:
SessionNotCreatedException: Message: session not created: This version of ChromeDriver only supports Chrome version 85
</status>
</test>
<test id="s1-t2" name="User can select restaurant from search results">
<kw name="Begin Web Test" library="Common" type="setup">
<doc>To open browser instance and meximize it.</doc>
<kw name="Open Browser" library="SeleniumLibrary">
<doc>Opens a new browser instance to the optional ``url``.</doc>
<arguments>
<arg>about:blank</arg>
<arg>chrome</arg>
</arguments>
<msg timestamp="20200728 23:19:30.590" level="INFO">Opening browser 'chrome' to base url 'about:blank'.</msg>
<kw name="Capture Page Screenshot" library="SeleniumLibrary">
<doc>Takes a screenshot of the current page and embeds it into a log file.</doc>
<msg timestamp="20200728 23:19:33.948" level="INFO">Cannot capture screenshot because no browser is open.</msg>
<status status="PASS" starttime="20200728 23:19:33.948" endtime="20200728 23:19:33.948"></status>
</kw>
<msg timestamp="20200728 23:19:33.951" level="FAIL">SessionNotCreatedException: Message: session not created: This version of ChromeDriver only supports Chrome version 85
</msg>
<status status="FAIL" starttime="20200728 23:19:30.590" endtime="20200728 23:19:33.952"></status>
</kw>
<status status="FAIL" starttime="20200728 23:19:30.589" endtime="20200728 23:19:33.952"></status>
</kw>
<kw name="End Web Test" library="Common" type="teardown">
<doc>This key word closes all the instances of the browser instance.</doc>
<kw name="Close Browser" library="SeleniumLibrary">
<doc>Closes the current browser.</doc>
<status status="PASS" starttime="20200728 23:19:33.956" endtime="20200728 23:19:33.956"></status>
</kw>
<status status="PASS" starttime="20200728 23:19:33.954" endtime="20200728 23:19:33.957"></status>
</kw>
<doc>User searches the Restaurants and selects the frist restaurant</doc>
<tags>
<tag>Search</tag>
<tag>Select</tag>
</tags>
<status status="FAIL" starttime="20200728 23:19:30.588" endtime="20200728 23:19:33.958" critical="yes">Setup failed:
SessionNotCreatedException: Message: session not created: This version of ChromeDriver only supports Chrome version 85
</status>
</test>
<test id="s1-t3" name="User can search for restaurants by Cuisine">
<kw name="Begin Web Test" library="Common" type="setup">
<doc>To open browser instance and meximize it.</doc>
<kw name="Open Browser" library="SeleniumLibrary">
<doc>Opens a new browser instance to the optional ``url``.</doc>
<arguments>
<arg>about:blank</arg>
<arg>chrome</arg>
</arguments>
<msg timestamp="20200728 23:19:33.999" level="INFO">Opening browser 'chrome' to base url 'about:blank'.</msg>
<kw name="Capture Page Screenshot" library="SeleniumLibrary">
<doc>Takes a screenshot of the current page and embeds it into a log file.</doc>
<msg timestamp="20200728 23:19:37.338" level="INFO">Cannot capture screenshot because no browser is open.</msg>
<status status="PASS" starttime="20200728 23:19:37.337" endtime="20200728 23:19:37.339"></status>
</kw>
<msg timestamp="20200728 23:19:37.342" level="FAIL">SessionNotCreatedException: Message: session not created: This version of ChromeDriver only supports Chrome version 85
</msg>
<status status="FAIL" starttime="20200728 23:19:33.998" endtime="20200728 23:19:37.343"></status>
</kw>
<status status="FAIL" starttime="20200728 23:19:33.996" endtime="20200728 23:19:37.343"></status>
</kw>
<kw name="End Web Test" library="Common" type="teardown">
<doc>This key word closes all the instances of the browser instance.</doc>
<kw name="Close Browser" library="SeleniumLibrary">
<doc>Closes the current browser.</doc>
<status status="PASS" starttime="20200728 23:19:37.347" endtime="20200728 23:19:37.348"></status>
</kw>
<status status="PASS" starttime="20200728 23:19:37.345" endtime="20200728 23:19:37.349"></status>
</kw>
<doc>User will be able to search restaurants by passing cusine value</doc>
<tags>
<tag>Cuisine Search</tag>
</tags>
<status status="FAIL" starttime="20200728 23:19:33.993" endtime="20200728 23:19:37.349" critical="yes">Setup failed:
SessionNotCreatedException: Message: session not created: This version of ChromeDriver only supports Chrome version 85
</status>
</test>
<status status="FAIL" starttime="20200728 23:19:26.605" endtime="20200728 23:19:37.359"></status>
</suite>
<statistics>
<total>
<stat pass="0" fail="3">Critical Tests</stat>
<stat pass="0" fail="3">All Tests</stat>
</total>
<tag>
<stat pass="0" fail="1">Cuisine Search</stat>
<stat pass="0" fail="2">Search</stat>
<stat pass="0" fail="1">Select</stat>
</tag>
<suite>
<stat pass="0" fail="3" id="s1" name="Justeat">Justeat</stat>
</suite>
</statistics>
<errors>
</errors>
</robot>
